2023-08-21T20:15:10.246090Z 0 [Warning] [MY-010097] [Server] Insecure configuration for --secure-file-priv: Current value does not restrict location of generated files. Consider setting it to a valid, non-empty path.
2023-08-21T20:15:10.246250Z 0 [Warning] [MY-010918] [Server] 'default_authentication_plugin' is deprecated and will be removed in a future release. Please use authentication_policy instead.
2023-08-21T20:15:10.246321Z 0 [System] [MY-010116] [Server] C:\laragon\bin\mysql\mysql-8.0.30-winx64\bin\mysqld (mysqld 8.0.30) starting as process 5260
2023-08-21T20:15:10.307901Z 0 [Warning] [MY-010075] [Server] No existing UUID has been found, so we assume that this is the first time that this server has been started. Generating a new UUID: 6dc9c636-405f-11ee-ba78-f8cab82bc0b6.
2023-08-21T20:15:10.327778Z 1 [System] [MY-013576] [InnoDB] InnoDB initialization has started.
2023-08-21T20:15:14.194301Z 1 [System] [MY-013577] [InnoDB] InnoDB initialization has ended.
2023-08-21T20:15:14.224196Z 1 [ERROR] [MY-013178] [Server] Execution of server-side SQL statement 'CREATE SCHEMA mysql DEFAULT COLLATE utf8mb4_0900_ai_ci' failed with error code = 1049, error message = 'System schema directory does not exist.'.
2023-08-21T20:15:14.228359Z 0 [ERROR] [MY-010020] [Server] Data Dictionary initialization failed.
2023-08-21T20:15:14.229612Z 0 [ERROR] [MY-010119] [Server] Aborting
2023-08-21T20:15:14.466862Z 0 [System] [MY-010910] [Server] C:\laragon\bin\mysql\mysql-8.0.30-winx64\bin\mysqld: Shutdown complete (mysqld 8.0.30)  MySQL Community Server - GPL.
2023-08-21T20:15:19.881290Z 0 [Warning] [MY-010097] [Server] Insecure configuration for --secure-file-priv: Current value does not restrict location of generated files. Consider setting it to a valid, non-empty path.
2023-08-21T20:15:19.881415Z 0 [Warning] [MY-010918] [Server] 'default_authentication_plugin' is deprecated and will be removed in a future release. Please use authentication_policy instead.
2023-08-21T20:15:19.881478Z 0 [System] [MY-010116] [Server] C:\laragon\bin\mysql\mysql-8.0.30-winx64\bin\mysqld (mysqld 8.0.30) starting as process 11012
2023-08-21T20:15:19.920866Z 1 [System] [MY-013576] [InnoDB] InnoDB initialization has started.
2023-08-21T20:15:21.739145Z 1 [System] [MY-013577] [InnoDB] InnoDB initialization has ended.
2023-08-21T20:15:21.763170Z 1 [ERROR] [MY-013178] [Server] Execution of server-side SQL statement 'CREATE SCHEMA mysql DEFAULT COLLATE utf8mb4_0900_ai_ci' failed with error code = 1049, error message = 'System schema directory does not exist.'.
2023-08-21T20:15:21.766426Z 0 [ERROR] [MY-010020] [Server] Data Dictionary initialization failed.
2023-08-21T20:15:21.767327Z 0 [ERROR] [MY-010119] [Server] Aborting
2023-08-21T20:15:22.161105Z 0 [System] [MY-010910] [Server] C:\laragon\bin\mysql\mysql-8.0.30-winx64\bin\mysqld: Shutdown complete (mysqld 8.0.30)  MySQL Community Server - GPL.
2023-08-21T20:15:57.207132Z 0 [Warning] [MY-010097] [Server] Insecure configuration for --secure-file-priv: Current value does not restrict location of generated files. Consider setting it to a valid, non-empty path.
2023-08-21T20:15:57.207249Z 0 [Warning] [MY-010918] [Server] 'default_authentication_plugin' is deprecated and will be removed in a future release. Please use authentication_policy instead.
2023-08-21T20:15:57.207311Z 0 [System] [MY-010116] [Server] C:\laragon\bin\mysql\mysql-8.0.30-winx64\bin\mysqld (mysqld 8.0.30) starting as process 10220
2023-08-21T20:15:57.250601Z 1 [System] [MY-013576] [InnoDB] InnoDB initialization has started.
2023-08-21T20:15:58.207367Z 1 [System] [MY-013577] [InnoDB] InnoDB initialization has ended.
2023-08-21T20:15:58.220082Z 1 [ERROR] [MY-013178] [Server] Execution of server-side SQL statement 'CREATE SCHEMA mysql DEFAULT COLLATE utf8mb4_0900_ai_ci' failed with error code = 1049, error message = 'System schema directory does not exist.'.
2023-08-21T20:15:58.223069Z 0 [ERROR] [MY-010020] [Server] Data Dictionary initialization failed.
2023-08-21T20:15:58.224268Z 0 [ERROR] [MY-010119] [Server] Aborting
2023-08-21T20:15:58.561218Z 0 [System] [MY-010910] [Server] C:\laragon\bin\mysql\mysql-8.0.30-winx64\bin\mysqld: Shutdown complete (mysqld 8.0.30)  MySQL Community Server - GPL.
2023-08-21T20:16:07.263427Z 0 [Warning] [MY-010097] [Server] Insecure configuration for --secure-file-priv: Current value does not restrict location of generated files. Consider setting it to a valid, non-empty path.
2023-08-21T20:16:07.263558Z 0 [Warning] [MY-010918] [Server] 'default_authentication_plugin' is deprecated and will be removed in a future release. Please use authentication_policy instead.
2023-08-21T20:16:07.263619Z 0 [System] [MY-010116] [Server] C:\laragon\bin\mysql\mysql-8.0.30-winx64\bin\mysqld (mysqld 8.0.30) starting as process 4704
2023-08-21T20:16:07.306642Z 1 [System] [MY-013576] [InnoDB] InnoDB initialization has started.
2023-08-21T20:16:08.418240Z 1 [System] [MY-013577] [InnoDB] InnoDB initialization has ended.
2023-08-21T20:16:08.442725Z 1 [ERROR] [MY-013178] [Server] Execution of server-side SQL statement 'CREATE SCHEMA mysql DEFAULT COLLATE utf8mb4_0900_ai_ci' failed with error code = 1049, error message = 'System schema directory does not exist.'.
2023-08-21T20:16:08.445977Z 0 [ERROR] [MY-010020] [Server] Data Dictionary initialization failed.
2023-08-21T20:16:08.446984Z 0 [ERROR] [MY-010119] [Server] Aborting
2023-08-21T20:16:08.832696Z 0 [System] [MY-010910] [Server] C:\laragon\bin\mysql\mysql-8.0.30-winx64\bin\mysqld: Shutdown complete (mysqld 8.0.30)  MySQL Community Server - GPL.
2023-08-21T20:16:56.425229Z 0 [Warning] [MY-010097] [Server] Insecure configuration for --secure-file-priv: Current value does not restrict location of generated files. Consider setting it to a valid, non-empty path.
2023-08-21T20:16:56.425352Z 0 [Warning] [MY-010918] [Server] 'default_authentication_plugin' is deprecated and will be removed in a future release. Please use authentication_policy instead.
2023-08-21T20:16:56.425419Z 0 [System] [MY-010116] [Server] C:\laragon\bin\mysql\mysql-8.0.30-winx64\bin\mysqld (mysqld 8.0.30) starting as process 14488
2023-08-21T20:16:56.475425Z 1 [System] [MY-013576] [InnoDB] InnoDB initialization has started.
2023-08-21T20:16:57.467114Z 1 [System] [MY-013577] [InnoDB] InnoDB initialization has ended.
2023-08-21T20:16:57.477618Z 1 [ERROR] [MY-013178] [Server] Execution of server-side SQL statement 'CREATE SCHEMA mysql DEFAULT COLLATE utf8mb4_0900_ai_ci' failed with error code = 1049, error message = 'System schema directory does not exist.'.
2023-08-21T20:16:57.479836Z 0 [ERROR] [MY-010020] [Server] Data Dictionary initialization failed.
2023-08-21T20:16:57.480902Z 0 [ERROR] [MY-010119] [Server] Aborting
2023-08-21T20:16:57.814275Z 0 [System] [MY-010910] [Server] C:\laragon\bin\mysql\mysql-8.0.30-winx64\bin\mysqld: Shutdown complete (mysqld 8.0.30)  MySQL Community Server - GPL.
2023-08-21T20:17:06.804491Z 0 [Warning] [MY-010097] [Server] Insecure configuration for --secure-file-priv: Current value does not restrict location of generated files. Consider setting it to a valid, non-empty path.
2023-08-21T20:17:06.804602Z 0 [Warning] [MY-010918] [Server] 'default_authentication_plugin' is deprecated and will be removed in a future release. Please use authentication_policy instead.
2023-08-21T20:17:06.804668Z 0 [System] [MY-010116] [Server] C:\laragon\bin\mysql\mysql-8.0.30-winx64\bin\mysqld (mysqld 8.0.30) starting as process 14156
2023-08-21T20:17:06.848810Z 1 [System] [MY-013576] [InnoDB] InnoDB initialization has started.
2023-08-21T20:17:08.029753Z 1 [System] [MY-013577] [InnoDB] InnoDB initialization has ended.
2023-08-21T20:17:08.043323Z 1 [ERROR] [MY-013178] [Server] Execution of server-side SQL statement 'CREATE SCHEMA mysql DEFAULT COLLATE utf8mb4_0900_ai_ci' failed with error code = 1049, error message = 'System schema directory does not exist.'.
2023-08-21T20:17:08.047101Z 0 [ERROR] [MY-010020] [Server] Data Dictionary initialization failed.
2023-08-21T20:17:08.048134Z 0 [ERROR] [MY-010119] [Server] Aborting
2023-08-21T20:17:08.358037Z 0 [System] [MY-010910] [Server] C:\laragon\bin\mysql\mysql-8.0.30-winx64\bin\mysqld: Shutdown complete (mysqld 8.0.30)  MySQL Community Server - GPL.
2023-08-21T20:18:18.010372Z 0 [Warning] [MY-010097] [Server] Insecure configuration for --secure-file-priv: Current value does not restrict location of generated files. Consider setting it to a valid, non-empty path.
2023-08-21T20:18:18.010483Z 0 [Warning] [MY-010918] [Server] 'default_authentication_plugin' is deprecated and will be removed in a future release. Please use authentication_policy instead.
2023-08-21T20:18:18.010539Z 0 [System] [MY-010116] [Server] C:\laragon\bin\mysql\mysql-8.0.30-winx64\bin\mysqld (mysqld 8.0.30) starting as process 11840
2023-08-21T20:18:18.045183Z 1 [System] [MY-013576] [InnoDB] InnoDB initialization has started.
2023-08-21T20:18:19.189466Z 1 [System] [MY-013577] [InnoDB] InnoDB initialization has ended.
2023-08-21T20:18:19.192386Z 1 [ERROR] [MY-013178] [Server] Execution of server-side SQL statement 'CREATE SCHEMA mysql DEFAULT COLLATE utf8mb4_0900_ai_ci' failed with error code = 1049, error message = 'System schema directory does not exist.'.
2023-08-21T20:18:19.194175Z 0 [ERROR] [MY-010020] [Server] Data Dictionary initialization failed.
2023-08-21T20:18:19.194760Z 0 [ERROR] [MY-010119] [Server] Aborting
2023-08-21T20:18:19.581037Z 0 [System] [MY-010910] [Server] C:\laragon\bin\mysql\mysql-8.0.30-winx64\bin\mysqld: Shutdown complete (mysqld 8.0.30)  MySQL Community Server - GPL.
2023-08-21T20:18:27.981980Z 0 [Warning] [MY-010097] [Server] Insecure configuration for --secure-file-priv: Current value does not restrict location of generated files. Consider setting it to a valid, non-empty path.
2023-08-21T20:18:27.982051Z 0 [Warning] [MY-010918] [Server] 'default_authentication_plugin' is deprecated and will be removed in a future release. Please use authentication_policy instead.
2023-08-21T20:18:27.982092Z 0 [System] [MY-010116] [Server] C:\laragon\bin\mysql\mysql-8.0.30-winx64\bin\mysqld (mysqld 8.0.30) starting as process 7268
2023-08-21T20:18:28.015364Z 1 [System] [MY-013576] [InnoDB] InnoDB initialization has started.
2023-08-21T20:18:29.184160Z 1 [System] [MY-013577] [InnoDB] InnoDB initialization has ended.
2023-08-21T20:18:29.186514Z 1 [ERROR] [MY-013178] [Server] Execution of server-side SQL statement 'CREATE SCHEMA mysql DEFAULT COLLATE utf8mb4_0900_ai_ci' failed with error code = 1049, error message = 'System schema directory does not exist.'.
2023-08-21T20:18:29.189811Z 0 [ERROR] [MY-010020] [Server] Data Dictionary initialization failed.
2023-08-21T20:18:29.191156Z 0 [ERROR] [MY-010119] [Server] Aborting
2023-08-21T20:18:29.579268Z 0 [System] [MY-010910] [Server] C:\laragon\bin\mysql\mysql-8.0.30-winx64\bin\mysqld: Shutdown complete (mysqld 8.0.30)  MySQL Community Server - GPL.
2023-08-21T20:21:44.210028Z 0 [Warning] [MY-010097] [Server] Insecure configuration for --secure-file-priv: Current value does not restrict location of generated files. Consider setting it to a valid, non-empty path.
2023-08-21T20:21:44.210142Z 0 [Warning] [MY-010918] [Server] 'default_authentication_plugin' is deprecated and will be removed in a future release. Please use authentication_policy instead.
2023-08-21T20:21:44.210210Z 0 [System] [MY-010116] [Server] C:\laragon\bin\mysql\mysql-8.0.30-winx64\bin\mysqld (mysqld 8.0.30) starting as process 12632
2023-08-21T20:21:44.257196Z 1 [System] [MY-013576] [InnoDB] InnoDB initialization has started.
2023-08-21T20:21:45.711713Z 1 [System] [MY-013577] [InnoDB] InnoDB initialization has ended.
2023-08-21T20:21:45.731223Z 1 [ERROR] [MY-013178] [Server] Execution of server-side SQL statement 'CREATE SCHEMA mysql DEFAULT COLLATE utf8mb4_0900_ai_ci' failed with error code = 1049, error message = 'System schema directory does not exist.'.
2023-08-21T20:21:45.734534Z 0 [ERROR] [MY-010020] [Server] Data Dictionary initialization failed.
2023-08-21T20:21:45.735614Z 0 [ERROR] [MY-010119] [Server] Aborting
2023-08-21T20:21:46.229094Z 0 [System] [MY-010910] [Server] C:\laragon\bin\mysql\mysql-8.0.30-winx64\bin\mysqld: Shutdown complete (mysqld 8.0.30)  MySQL Community Server - GPL.
2023-08-21T20:21:54.291662Z 0 [Warning] [MY-010097] [Server] Insecure configuration for --secure-file-priv: Current value does not restrict location of generated files. Consider setting it to a valid, non-empty path.
2023-08-21T20:21:54.291774Z 0 [Warning] [MY-010918] [Server] 'default_authentication_plugin' is deprecated and will be removed in a future release. Please use authentication_policy instead.
2023-08-21T20:21:54.291840Z 0 [System] [MY-010116] [Server] C:\laragon\bin\mysql\mysql-8.0.30-winx64\bin\mysqld (mysqld 8.0.30) starting as process 14212
2023-08-21T20:21:54.335155Z 1 [System] [MY-013576] [InnoDB] InnoDB initialization has started.
2023-08-21T20:21:55.608941Z 1 [System] [MY-013577] [InnoDB] InnoDB initialization has ended.
2023-08-21T20:21:55.632425Z 1 [ERROR] [MY-013178] [Server] Execution of server-side SQL statement 'CREATE SCHEMA mysql DEFAULT COLLATE utf8mb4_0900_ai_ci' failed with error code = 1049, error message = 'System schema directory does not exist.'.
2023-08-21T20:21:55.635743Z 0 [ERROR] [MY-010020] [Server] Data Dictionary initialization failed.
2023-08-21T20:21:55.636725Z 0 [ERROR] [MY-010119] [Server] Aborting
2023-08-21T20:21:56.017788Z 0 [System] [MY-010910] [Server] C:\laragon\bin\mysql\mysql-8.0.30-winx64\bin\mysqld: Shutdown complete (mysqld 8.0.30)  MySQL Community Server - GPL.
